May 01 14:02:56 +02:00 (none)  Mounting virtual file systems: /run /proc /sys /dev/shm OK
May 01 14:02:56 +02:00 (none)  Bringing up the loopback interface... OK
May 01 14:02:56 +02:00 (none)  Setting hostname to dpoveda... OK
May 01 14:02:56 +02:00 dpoveda  Populating /dev with device nodes...  OK
May 01 14:03:01 +02:00 dpoveda  Activating all swap files/partitions... OK
May 01 14:03:01 +02:00 dpoveda  Mounting root file system in read-only mode...  OK
May 01 14:03:01 +02:00 dpoveda  Checking file systems... OK
May 01 14:03:01 +02:00 dpoveda  Remounting root file system in read-write mode... OK
May 01 14:03:01 +02:00 dpoveda  Mounting remaining file systems... OK
May 01 14:03:01 +02:00 dpoveda  Cleaning file systems: /tmp OK
May 01 14:03:01 +02:00 dpoveda  Retrying failed uevents, if any... OK
May 01 14:03:02 +02:00 dpoveda  Setting up Linux console... OK
May 01 14:03:02 +02:00 dpoveda  Starting system log daemon... OK
May 01 14:03:02 +02:00 dpoveda  Starting kernel log daemon... OK
May 01 14:03:02 +02:00 dpoveda  Bringing up the enp0s3 interface... OK
May 01 14:03:02 +02:00 dpoveda  Adding IPv4 address 10.0.2.15 to the enp0s3 interface... OK
May 01 14:03:02 +02:00 dpoveda  Adding default gateway 10.0.2.2 to the enp0s3 interface... OK
--------
May 01 14:47:10 +02:00 (none)  Mounting virtual file systems: /run /proc /sys /dev/shm OK
May 01 14:47:11 +02:00 (none)  Bringing up the loopback interface... OK
May 01 14:47:11 +02:00 (none)  Setting hostname to dpoveda... OK
May 01 14:47:11 +02:00 dpoveda  Populating /dev with device nodes...  OK
May 01 14:47:02 +02:00 dpoveda  Activating all swap files/partitions... OK
May 01 14:47:02 +02:00 dpoveda  Mounting root file system in read-only mode...  OK
May 01 14:47:02 +02:00 dpoveda  Checking file systems... OK
May 01 14:47:02 +02:00 dpoveda  Remounting root file system in read-write mode... OK
May 01 14:47:02 +02:00 dpoveda  Mounting remaining file systems... OK
May 01 14:47:02 +02:00 dpoveda  Cleaning file systems: /tmp OK
May 01 14:47:02 +02:00 dpoveda  Retrying failed uevents, if any... OK
May 01 14:47:03 +02:00 dpoveda  Setting up Linux console... OK
May 01 14:47:03 +02:00 dpoveda  Starting system log daemon... OK
May 01 14:47:03 +02:00 dpoveda  Starting kernel log daemon... OK
May 01 14:47:03 +02:00 dpoveda  Bringing up the enp0s3 interface... OK
May 01 14:47:03 +02:00 dpoveda  Adding IPv4 address 10.0.2.15 to the enp0s3 interface... OK
May 01 14:47:03 +02:00 dpoveda  Adding default gateway 10.0.2.2 to the enp0s3 interface... OK
--------
May 01 14:51:20 +02:00 (none)  Mounting virtual file systems: /run /proc /sys /dev/shm OK
May 01 14:51:20 +02:00 (none)  Bringing up the loopback interface... OK
May 01 14:51:20 +02:00 (none)  Setting hostname to dpoveda... OK
May 01 14:51:20 +02:00 dpoveda  Populating /dev with device nodes...  OK
May 01 14:51:14 +02:00 dpoveda  Activating all swap files/partitions... OK
May 01 14:51:14 +02:00 dpoveda  Mounting root file system in read-only mode...  OK
May 01 14:51:14 +02:00 dpoveda  Checking file systems... OK
May 01 14:51:14 +02:00 dpoveda  Remounting root file system in read-write mode... OK
May 01 14:51:14 +02:00 dpoveda  Mounting remaining file systems... OK
May 01 14:51:14 +02:00 dpoveda  Cleaning file systems: /tmp OK
May 01 14:51:14 +02:00 dpoveda  Retrying failed uevents, if any... OK
May 01 14:51:16 +02:00 dpoveda  Setting up Linux console... OK
May 01 14:51:16 +02:00 dpoveda  Starting system log daemon... OK
May 01 14:51:16 +02:00 dpoveda  Starting kernel log daemon... OK
May 01 14:51:16 +02:00 dpoveda  Bringing up the enp0s3 interface... OK
May 01 14:51:16 +02:00 dpoveda  Adding IPv4 address 10.0.2.15 to the enp0s3 interface... OK
May 01 14:51:16 +02:00 dpoveda  Adding default gateway 10.0.2.2 to the enp0s3 interface... OK
--------
May 02 11:15:16 +02:00 (none)  Mounting virtual file systems: /run /proc /sys /dev/shm OK
May 02 11:15:16 +02:00 (none)  Bringing up the loopback interface... OK
May 02 11:15:16 +02:00 (none)  Setting hostname to dpoveda... OK
May 02 11:15:16 +02:00 dpoveda  Populating /dev with device nodes...  OK
May 02 11:15:09 +02:00 dpoveda  Activating all swap files/partitions... OK
May 02 11:15:09 +02:00 dpoveda  Mounting root file system in read-only mode...  OK
May 02 11:15:09 +02:00 dpoveda  Checking file systems... OK
May 02 11:15:09 +02:00 dpoveda  Remounting root file system in read-write mode... OK
May 02 11:15:09 +02:00 dpoveda  Mounting remaining file systems... OK
May 02 11:15:09 +02:00 dpoveda  Cleaning file systems: /tmp OK
May 02 11:15:09 +02:00 dpoveda  Retrying failed uevents, if any... OK
May 02 11:15:10 +02:00 dpoveda  Setting up Linux console... OK
May 02 11:15:10 +02:00 dpoveda  Starting system log daemon... OK
May 02 11:15:10 +02:00 dpoveda  Starting kernel log daemon... OK
May 02 11:15:10 +02:00 dpoveda  Bringing up the enp0s3 interface... OK
May 02 11:15:10 +02:00 dpoveda  Adding IPv4 address 10.0.2.15 to the enp0s3 interface... OK
May 02 11:15:10 +02:00 dpoveda  Adding default gateway 10.0.2.2 to the enp0s3 interface... OK
--------
May 02 13:01:56 +02:00 (none)  Mounting virtual file systems: /run /proc /sys /dev/shm OK
May 02 13:01:56 +02:00 (none)  Bringing up the loopback interface... OK
May 02 13:01:56 +02:00 (none)  Setting hostname to dpoveda... OK
May 02 13:01:56 +02:00 dpoveda  Populating /dev with device nodes...  OK
May 02 13:01:55 +02:00 dpoveda  Activating all swap files/partitions... OK
May 02 13:01:55 +02:00 dpoveda  Mounting root file system in read-only mode...  OK
May 02 13:01:55 +02:00 dpoveda  Checking file systems... OK
May 02 13:01:55 +02:00 dpoveda  Remounting root file system in read-write mode... OK
May 02 13:01:55 +02:00 dpoveda  Mounting remaining file systems... OK
May 02 13:01:55 +02:00 dpoveda  Cleaning file systems: /tmp OK
May 02 13:01:55 +02:00 dpoveda  Retrying failed uevents, if any... OK
May 02 13:01:56 +02:00 dpoveda  Setting up Linux console... OK
May 02 13:01:56 +02:00 dpoveda  Starting system log daemon... OK
May 02 13:01:56 +02:00 dpoveda  Starting kernel log daemon... OK
May 02 13:01:56 +02:00 dpoveda  Bringing up the enp0s3 interface... OK
May 02 13:01:56 +02:00 dpoveda  Adding IPv4 address 10.0.2.15 to the enp0s3 interface... OK
May 02 13:01:56 +02:00 dpoveda  Adding default gateway 10.0.2.2 to the enp0s3 interface... OK
--------
May 02 13:28:19 +02:00 (none)  Mounting virtual file systems: /run /proc /sys /dev/shm OK
May 02 13:28:19 +02:00 (none)  Bringing up the loopback interface... OK
May 02 13:28:19 +02:00 (none)  Setting hostname to dpoveda... OK
May 02 13:28:19 +02:00 dpoveda  Populating /dev with device nodes...  OK
May 02 13:28:12 +02:00 dpoveda  Activating all swap files/partitions... OK
May 02 13:28:12 +02:00 dpoveda  Mounting root file system in read-only mode...  OK
May 02 13:28:12 +02:00 dpoveda  Checking file systems... OK
May 02 13:28:12 +02:00 dpoveda  Remounting root file system in read-write mode... OK
May 02 13:28:12 +02:00 dpoveda  Mounting remaining file systems... OK
May 02 13:28:12 +02:00 dpoveda  Cleaning file systems: /tmp OK
May 02 13:28:12 +02:00 dpoveda  Retrying failed uevents, if any... OK
May 02 13:28:12 +02:00 dpoveda  Setting up Linux console... OK
May 02 13:28:12 +02:00 dpoveda  Starting system log daemon... OK
May 02 13:28:12 +02:00 dpoveda  Starting kernel log daemon... OK
May 02 13:28:12 +02:00 dpoveda  Bringing up the enp0s3 interface... OK
May 02 13:28:12 +02:00 dpoveda  Adding IPv4 address 10.0.2.15 to the enp0s3 interface... OK
May 02 13:28:12 +02:00 dpoveda  Adding default gateway 10.0.2.2 to the enp0s3 interface... OK
May 02 13:28:12 +02:00 dpoveda  Initializing kernel random number generator... OK
May 02 13:28:12 +02:00 dpoveda  Starting SSH Server... OK
--------
May 02 18:12:31 +02:00 (none)  Mounting virtual file systems: /run /proc /sys /dev/shm OK
May 02 18:12:31 +02:00 (none)  Bringing up the loopback interface... OK
May 02 18:12:31 +02:00 (none)  Setting hostname to dpoveda... OK
May 02 18:12:31 +02:00 dpoveda  Populating /dev with device nodes...  OK
May 02 18:12:31 +02:00 dpoveda  Activating all swap files/partitions... OK
May 02 18:12:31 +02:00 dpoveda  Mounting root file system in read-only mode...  OK
May 02 18:12:31 +02:00 dpoveda  Checking file systems... OK
May 02 18:12:31 +02:00 dpoveda  Remounting root file system in read-write mode... OK
May 02 18:12:31 +02:00 dpoveda  Mounting remaining file systems... OK
May 02 18:12:31 +02:00 dpoveda  Cleaning file systems: /tmp OK
May 02 18:12:31 +02:00 dpoveda  Retrying failed uevents, if any... OK
May 02 18:12:32 +02:00 dpoveda  Setting up Linux console... OK
May 02 18:12:32 +02:00 dpoveda  Starting system log daemon... OK
May 02 18:12:32 +02:00 dpoveda  Starting kernel log daemon... OK
May 02 18:12:32 +02:00 dpoveda  Bringing up the enp0s3 interface... OK
May 02 18:12:32 +02:00 dpoveda  Adding IPv4 address 10.0.2.15 to the enp0s3 interface... OK
May 02 18:12:32 +02:00 dpoveda  Adding default gateway 10.0.2.2 to the enp0s3 interface... OK
May 02 18:12:32 +02:00 dpoveda  Initializing kernel random number generator... OK
May 02 18:12:32 +02:00 dpoveda  Starting SSH Server... OK
May 02 18:12:33 +02:00 dpoveda  Starting fcron... OK
--------
May 11 13:13:38 +02:00 (none)  Mounting virtual file systems: /run /proc /sys /dev/shm OK
May 11 13:13:38 +02:00 (none)  Bringing up the loopback interface... OK
May 11 13:13:38 +02:00 (none)  Setting hostname to dpoveda... OK
May 11 13:13:38 +02:00 dpoveda  Populating /dev with device nodes...  OK
May 11 13:13:33 +02:00 dpoveda  Activating all swap files/partitions... OK
May 11 13:13:33 +02:00 dpoveda  Mounting root file system in read-only mode...  OK
May 11 13:13:33 +02:00 dpoveda  Checking file systems... OK
May 11 13:13:33 +02:00 dpoveda  Remounting root file system in read-write mode... OK
May 11 13:13:33 +02:00 dpoveda  Mounting remaining file systems... OK
May 11 13:13:33 +02:00 dpoveda  Cleaning file systems: /tmp OK
May 11 13:13:33 +02:00 dpoveda  Retrying failed uevents, if any... OK
May 11 13:13:34 +02:00 dpoveda  Setting up Linux console... OK
May 11 13:13:34 +02:00 dpoveda  Starting system log daemon... OK
May 11 13:13:34 +02:00 dpoveda  Starting kernel log daemon... OK
May 11 13:13:34 +02:00 dpoveda  Bringing up the enp0s3 interface... OK
May 11 13:13:34 +02:00 dpoveda  Adding IPv4 address 10.0.2.15 to the enp0s3 interface... OK
May 11 13:13:34 +02:00 dpoveda  Adding default gateway 10.0.2.2 to the enp0s3 interface... OK
May 11 13:13:34 +02:00 dpoveda  Initializing kernel random number generator... OK
May 11 13:13:34 +02:00 dpoveda  Starting SSH Server... OK
May 11 13:13:35 +02:00 dpoveda  Starting fcron... OK
--------
May 11 20:01:06 +02:00 (none)  Mounting virtual file systems: /run /proc /sys /dev/shm OK
May 11 20:01:06 +02:00 (none)  Bringing up the loopback interface... OK
May 11 20:01:06 +02:00 (none)  Setting hostname to dpoveda... OK
May 11 20:01:06 +02:00 dpoveda  Populating /dev with device nodes...  OK
May 11 20:01:00 +02:00 dpoveda  Activating all swap files/partitions... OK
May 11 20:01:00 +02:00 dpoveda  Mounting root file system in read-only mode...  OK
May 11 20:01:00 +02:00 dpoveda  Checking file systems... OK
May 11 20:01:00 +02:00 dpoveda  Remounting root file system in read-write mode... OK
May 11 20:01:00 +02:00 dpoveda  Mounting remaining file systems... OK
May 11 20:01:00 +02:00 dpoveda  Cleaning file systems: /tmp OK
May 11 20:01:00 +02:00 dpoveda  Retrying failed uevents, if any... OK
May 11 20:01:01 +02:00 dpoveda  Setting up Linux console... OK
May 11 20:01:01 +02:00 dpoveda  Starting system log daemon... OK
May 11 20:01:01 +02:00 dpoveda  Starting kernel log daemon... OK
May 11 20:01:01 +02:00 dpoveda  Bringing up the enp0s3 interface... OK
May 11 20:01:01 +02:00 dpoveda  Adding IPv4 address 10.0.2.15 to the enp0s3 interface... OK
May 11 20:01:01 +02:00 dpoveda  Adding default gateway 10.0.2.2 to the enp0s3 interface... OK
May 11 20:01:01 +02:00 dpoveda  Initializing kernel random number generator... OK
May 11 20:01:01 +02:00 dpoveda  Starting SSH Server... OK
May 11 20:01:02 +02:00 dpoveda  Starting fcron... OK
--------
May 12 10:58:09 +02:00 (none)  Mounting virtual file systems: /run /proc /sys /dev/shm OK
May 12 10:58:09 +02:00 (none)  Bringing up the loopback interface... OK
May 12 10:58:09 +02:00 (none)  Setting hostname to dpoveda... OK
May 12 10:58:09 +02:00 dpoveda  Populating /dev with device nodes...  OK
May 12 10:58:03 +02:00 dpoveda  Activating all swap files/partitions... OK
May 12 10:58:03 +02:00 dpoveda  Mounting root file system in read-only mode...  OK
May 12 10:58:03 +02:00 dpoveda  Checking file systems... OK
May 12 10:58:03 +02:00 dpoveda  Remounting root file system in read-write mode... OK
May 12 10:58:03 +02:00 dpoveda  Mounting remaining file systems... OK
May 12 10:58:03 +02:00 dpoveda  Cleaning file systems: /tmp OK
May 12 10:58:03 +02:00 dpoveda  Retrying failed uevents, if any... OK
May 12 10:58:04 +02:00 dpoveda  Setting up Linux console... OK
May 12 10:58:04 +02:00 dpoveda  Starting system log daemon... OK
May 12 10:58:04 +02:00 dpoveda  Starting kernel log daemon... OK
May 12 10:58:04 +02:00 dpoveda  Bringing up the enp0s3 interface... OK
May 12 10:58:04 +02:00 dpoveda  Adding IPv4 address 10.0.2.15 to the enp0s3 interface... OK
May 12 10:58:04 +02:00 dpoveda  Adding default gateway 10.0.2.2 to the enp0s3 interface... OK
May 12 10:58:04 +02:00 dpoveda  Initializing kernel random number generator... OK
May 12 10:58:04 +02:00 dpoveda  Starting SSH Server... OK
May 12 10:58:05 +02:00 dpoveda  Starting fcron... OK
--------
May 12 15:56:53 +02:00 (none)  Mounting virtual file systems: /run /proc /sys /dev/shm OK
May 12 15:56:53 +02:00 (none)  Bringing up the loopback interface... OK
May 12 15:56:53 +02:00 (none)  Setting hostname to dpoveda... OK
May 12 15:56:53 +02:00 dpoveda  Populating /dev with device nodes...  OK
May 12 15:56:47 +02:00 dpoveda  Activating all swap files/partitions... OK
May 12 15:56:47 +02:00 dpoveda  Mounting root file system in read-only mode...  OK
May 12 15:56:47 +02:00 dpoveda  Checking file systems... OK
May 12 15:56:47 +02:00 dpoveda  Remounting root file system in read-write mode... OK
May 12 15:56:47 +02:00 dpoveda  Mounting remaining file systems... OK
May 12 15:56:47 +02:00 dpoveda  Cleaning file systems: /tmp OK
May 12 15:56:47 +02:00 dpoveda  Retrying failed uevents, if any... OK
May 12 15:56:48 +02:00 dpoveda  Setting up Linux console... OK
May 12 15:56:48 +02:00 dpoveda  Starting system log daemon... OK
May 12 15:56:48 +02:00 dpoveda  Starting kernel log daemon... OK
May 12 15:56:48 +02:00 dpoveda  Bringing up the enp0s3 interface... OK
May 12 15:56:48 +02:00 dpoveda  Adding IPv4 address 10.0.2.15 to the enp0s3 interface... OK
May 12 15:56:48 +02:00 dpoveda  Adding default gateway 10.0.2.2 to the enp0s3 interface... OK
May 12 15:56:48 +02:00 dpoveda  Initializing kernel random number generator... OK
May 12 15:56:48 +02:00 dpoveda  Starting SSH Server... OK
May 12 15:56:49 +02:00 dpoveda  Starting fcron... OK
--------
